<?xml version="1.0" encoding="UTF-8"?>
<!-- Generated by org.testng.reporters.JUnitReportReporter -->
<testsuite hostname="DESKTOP-BG5O88G" failures="0" tests="2" name="testing.Data_Annotations" time="0.155" errors="0" timestamp="2022-01-27T18:31:27 IST" skipped="0">
  <testcase classname="testing.Data_Annotations" name="getAttributes" time="0.009"/>
  <system-out/>
  <testcase classname="testing.Data_Annotations" name="quit" time="0.146"/>
  <system-out/>
</testsuite> <!-- testing.Data_Annotations -->
