<?xml version="1.0" encoding="UTF-8"?>
<!-- Generated by org.testng.reporters.JUnitReportReporter -->
<testsuite hostname="DESKTOP-BG5O88G" failures="0" tests="2" name="testing.XML_TestNG2" time="0.006" errors="0" timestamp="2022-01-27T17:34:53 IST" skipped="0">
  <testcase classname="testing.XML_TestNG2" name="bye" time="0.003"/>
  <system-out/>
  <testcase classname="testing.XML_TestNG2" name="tata" time="0.003"/>
  <system-out/>
</testsuite> <!-- testing.XML_TestNG2 -->
