<?xml version="1.0" encoding="UTF-8"?>
<!-- Generated by org.testng.reporters.JUnitReportReporter -->
<testsuite hostname="DESKTOP-BG5O88G" failures="0" tests="1" name="testing.XML_TestNG3" time="0.001" errors="0" timestamp="2022-01-27T16:11:31 IST" skipped="0">
  <testcase classname="testing.XML_TestNG3" name="bye_Sir" time="0.001"/>
  <system-out/>
</testsuite> <!-- testing.XML_TestNG3 -->
