<?xml version="1.0" encoding="UTF-8"?>
<!-- Generated by org.testng.reporters.JUnitReportReporter -->
<testsuite hostname="DESKTOP-BG5O88G" failures="0" tests="2" name="testing.Basics_TestNG" time="0.008" errors="0" timestamp="2022-01-28T15:03:22 IST" skipped="0">
  <testcase classname="testing.Basics_TestNG" name="division" time="0.007"/>
  <system-out/>
  <testcase classname="testing.Basics_TestNG" name="subtract" time="0.001"/>
  <system-out/>
</testsuite> <!-- testing.Basics_TestNG -->
