<?xml version="1.0" encoding="UTF-8"?>
<!-- Generated by org.testng.reporters.JUnitReportReporter -->
<testsuite hostname="DESKTOP-BG5O88G" failures="0" tests="3" name="testing.Helper_Attributes" time="4.190" errors="0" timestamp="2022-01-27T17:25:26 IST" skipped="1">
  <testcase classname="testing.Helper_Attributes" name="LoginPage" time="3.942"/>
  <system-out/>
  <testcase classname="testing.Helper_Attributes" name="getAttributes" time="0.248"/>
  <system-out/>
  <testcase classname="testing.Helper_Attributes" name="quit">
    <skipped/>
  </testcase> <!-- quit -->
  <system-out/>
</testsuite> <!-- testing.Helper_Attributes -->
