<?xml version="1.0" encoding="UTF-8"?>
<!-- Generated by org.testng.reporters.JUnitReportReporter -->
<testsuite hostname="DESKTOP-BG5O88G" failures="0" tests="1" name="testing.XML_TestNG1" time="0.001" errors="0" timestamp="2022-01-28T15:03:22 IST" skipped="0">
  <testcase classname="testing.XML_TestNG1" name="behave_Test" time="0.001"/>
  <system-out/>
</testsuite> <!-- testing.XML_TestNG1 -->
